2025-11-21 15:18:20 [info] : [Platform Server] Creating platform platform  output stream finished - platform. 
2025-11-21 15:19:20 [info] : [Platform Server] Generate platform output stream finished - platform. 
2025-11-21 15:19:24 [info] : [Build Server] Build output stream finished - app_component::. 
2025-11-21 15:19:31 [info] : [Platform Server] Generate platform output stream finished - platform. 
2025-11-21 15:19:33 [info] : [Build Server] Build output stream finished - app_component::. 
2025-11-21 15:19:58 [info] : [Debug Manager] Successfully verified the target connection used  Local 
2025-11-21 15:19:58 [info] : [Debug Manager] Starting launch in 'run' mode using configuration: {"type":"tcf-debug","request":"launch","name":"app_component_app_hw_1","debugType":"baremetal-fpga","attachToRunningTargetOptions":{"targetSetupMode":"standalone","executeScript":true,"scriptPath":""},"autoAttachProcessChildren":false,"target":{"targetConnectionId":"Local","peersIniPath":"../../_ide/.peers.ini","context":"fpga"},"pathMap":[],"targetSetup":{"resetSystem":true,"programDevice":true,"partialBitstream":false,"skipRevisionCheck":false,"device":{"plDevice":"Auto Detect","psDevice":"Auto Detect"},"bitstreamFile":"${workspaceFolder}\\app_component\\_ide\\bitstream\\base_soc_wrapper.bit","downloadElf":[{"core":"microblaze_0","resetProcessor":true,"elfFile":"${workspaceFolder}\\app_component\\build\\app_component.elf","stopAtEntry":false,"isSelfRelocatingApp":false,"relativeAddress":""}]},"internalConsoleOptions":"openOnSessionStart","__configUri":"file:///c%3A/Users/am442/Downloads/Working/app_component/_ide/launch.json"} 
2025-11-21 15:19:58 [info] : [Debug Manager] Disabling breakpoints in the tool to enable run mode for 'app_component_app_hw_1 [app_component]'. 
2025-11-21 15:19:59 [info] : [Debug Manager] Launch session has started on the configuration 'app_component_app_hw_1 [app_component]' 
2025-11-21 15:20:32 [info] : [Debug Manager] Launch session has terminated on the configuration 'app_component_app_hw_1 [app_component]' 
2025-11-21 15:20:32 [info] : [Debug Manager] Enabling breakpoints after running the application using 'app_component_app_hw_1 [app_component]'. 
2025-11-21 15:20:43 [info] : [Debug Manager] Successfully verified the target connection used  Local 
2025-11-21 15:20:43 [info] : [Debug Manager] Starting launch in 'run' mode using configuration: {"type":"tcf-debug","request":"launch","name":"app_component_app_hw_1","debugType":"baremetal-fpga","attachToRunningTargetOptions":{"targetSetupMode":"standalone","executeScript":true,"scriptPath":""},"autoAttachProcessChildren":false,"target":{"targetConnectionId":"Local","peersIniPath":"../../_ide/.peers.ini","context":"fpga"},"pathMap":[],"targetSetup":{"resetSystem":true,"programDevice":true,"partialBitstream":false,"skipRevisionCheck":false,"device":{"plDevice":"Auto Detect","psDevice":"Auto Detect"},"bitstreamFile":"${workspaceFolder}\\app_component\\_ide\\bitstream\\base_soc_wrapper.bit","downloadElf":[{"core":"microblaze_0","resetProcessor":true,"elfFile":"${workspaceFolder}\\app_component\\build\\app_component.elf","stopAtEntry":false,"isSelfRelocatingApp":false,"relativeAddress":""}]},"internalConsoleOptions":"openOnSessionStart","__configUri":"file:///c%3A/Users/am442/Downloads/Working/app_component/_ide/launch.json"} 
2025-11-21 15:20:43 [info] : [Debug Manager] Disabling breakpoints in the tool to enable run mode for 'app_component_app_hw_1 [app_component]'. 
2025-11-21 15:20:43 [info] : [Debug Manager] Launch session has started on the configuration 'app_component_app_hw_1 [app_component]' 
2025-11-21 15:20:56 [info] : [Debug Manager] Launch session has terminated on the configuration 'app_component_app_hw_1 [app_component]' 
2025-11-21 15:20:56 [info] : [Debug Manager] Enabling breakpoints after running the application using 'app_component_app_hw_1 [app_component]'. 
2025-11-21 15:21:10 [info] : [Debug Manager] Successfully verified the target connection used  Local 
2025-11-21 15:21:10 [info] : [Debug Manager] Starting launch in 'run' mode using configuration: {"type":"tcf-debug","request":"launch","name":"app_component_app_hw_1","debugType":"baremetal-fpga","attachToRunningTargetOptions":{"targetSetupMode":"standalone","executeScript":true,"scriptPath":""},"autoAttachProcessChildren":false,"target":{"targetConnectionId":"Local","peersIniPath":"../../_ide/.peers.ini","context":"fpga"},"pathMap":[],"targetSetup":{"resetSystem":true,"programDevice":true,"partialBitstream":false,"skipRevisionCheck":false,"device":{"plDevice":"Auto Detect","psDevice":"Auto Detect"},"bitstreamFile":"${workspaceFolder}\\app_component\\_ide\\bitstream\\base_soc_wrapper.bit","downloadElf":[{"core":"microblaze_0","resetProcessor":true,"elfFile":"${workspaceFolder}\\app_component\\build\\app_component.elf","stopAtEntry":false,"isSelfRelocatingApp":false,"relativeAddress":""}]},"internalConsoleOptions":"openOnSessionStart","__configUri":"file:///c%3A/Users/am442/Downloads/Working/app_component/_ide/launch.json"} 
2025-11-21 15:21:10 [info] : [Debug Manager] Disabling breakpoints in the tool to enable run mode for 'app_component_app_hw_1 [app_component]'. 
2025-11-21 15:21:10 [info] : [Debug Manager] Launch session has started on the configuration 'app_component_app_hw_1 [app_component]' 
2025-11-21 15:22:11 [info] : [Debug Manager] Launch session has terminated on the configuration 'app_component_app_hw_1 [app_component]' 
2025-11-21 15:22:11 [info] : [Debug Manager] Enabling breakpoints after running the application using 'app_component_app_hw_1 [app_component]'. 
2025-11-21 15:22:21 [info] : [Debug Manager] Successfully verified the target connection used  Local 
2025-11-21 15:22:21 [info] : [Debug Manager] Starting launch in 'run' mode using configuration: {"type":"tcf-debug","request":"launch","name":"app_component_app_hw_1","debugType":"baremetal-fpga","attachToRunningTargetOptions":{"targetSetupMode":"standalone","executeScript":true,"scriptPath":""},"autoAttachProcessChildren":false,"target":{"targetConnectionId":"Local","peersIniPath":"../../_ide/.peers.ini","context":"fpga"},"pathMap":[],"targetSetup":{"resetSystem":true,"programDevice":true,"partialBitstream":false,"skipRevisionCheck":false,"device":{"plDevice":"Auto Detect","psDevice":"Auto Detect"},"bitstreamFile":"${workspaceFolder}\\app_component\\_ide\\bitstream\\base_soc_wrapper.bit","downloadElf":[{"core":"microblaze_0","resetProcessor":true,"elfFile":"${workspaceFolder}\\app_component\\build\\app_component.elf","stopAtEntry":false,"isSelfRelocatingApp":false,"relativeAddress":""}]},"internalConsoleOptions":"openOnSessionStart","__configUri":"file:///c%3A/Users/am442/Downloads/Working/app_component/_ide/launch.json"} 
2025-11-21 15:22:21 [info] : [Debug Manager] Disabling breakpoints in the tool to enable run mode for 'app_component_app_hw_1 [app_component]'. 
2025-11-21 15:22:22 [info] : [Debug Manager] Launch session has started on the configuration 'app_component_app_hw_1 [app_component]' 
2025-11-21 15:24:01 [info] : [Debug Manager] Launch session has terminated on the configuration 'app_component_app_hw_1 [app_component]' 
2025-11-21 15:24:01 [info] : [Debug Manager] Enabling breakpoints after running the application using 'app_component_app_hw_1 [app_component]'. 
2025-11-21 15:24:15 [info] : [Debug Manager] Successfully verified the target connection used  Local 
2025-11-21 15:24:15 [info] : [Debug Manager] Starting launch in 'run' mode using configuration: {"type":"tcf-debug","request":"launch","name":"app_component_app_hw_1","debugType":"baremetal-fpga","attachToRunningTargetOptions":{"targetSetupMode":"standalone","executeScript":true,"scriptPath":""},"autoAttachProcessChildren":false,"target":{"targetConnectionId":"Local","peersIniPath":"../../_ide/.peers.ini","context":"fpga"},"pathMap":[],"targetSetup":{"resetSystem":true,"programDevice":true,"partialBitstream":false,"skipRevisionCheck":false,"device":{"plDevice":"Auto Detect","psDevice":"Auto Detect"},"bitstreamFile":"${workspaceFolder}\\app_component\\_ide\\bitstream\\base_soc_wrapper.bit","downloadElf":[{"core":"microblaze_0","resetProcessor":true,"elfFile":"${workspaceFolder}\\app_component\\build\\app_component.elf","stopAtEntry":false,"isSelfRelocatingApp":false,"relativeAddress":""}]},"internalConsoleOptions":"openOnSessionStart","__configUri":"file:///c%3A/Users/am442/Downloads/Working/app_component/_ide/launch.json"} 
2025-11-21 15:24:16 [info] : [Debug Manager] Disabling breakpoints in the tool to enable run mode for 'app_component_app_hw_1 [app_component]'. 
2025-11-21 15:24:16 [info] : [Debug Manager] Launch session has started on the configuration 'app_component_app_hw_1 [app_component]' 
2025-11-21 15:25:02 [info] : [Debug Manager] Launch session has terminated on the configuration 'app_component_app_hw_1 [app_component]' 
2025-11-21 15:25:02 [info] : [Debug Manager] Enabling breakpoints after running the application using 'app_component_app_hw_1 [app_component]'. 
2025-11-21 15:25:14 [info] : [Debug Manager] Successfully verified the target connection used  Local 
2025-11-21 15:25:14 [info] : [Debug Manager] Starting launch in 'run' mode using configuration: {"type":"tcf-debug","request":"launch","name":"app_component_app_hw_1","debugType":"baremetal-fpga","attachToRunningTargetOptions":{"targetSetupMode":"standalone","executeScript":true,"scriptPath":""},"autoAttachProcessChildren":false,"target":{"targetConnectionId":"Local","peersIniPath":"../../_ide/.peers.ini","context":"fpga"},"pathMap":[],"targetSetup":{"resetSystem":true,"programDevice":true,"partialBitstream":false,"skipRevisionCheck":false,"device":{"plDevice":"Auto Detect","psDevice":"Auto Detect"},"bitstreamFile":"${workspaceFolder}\\app_component\\_ide\\bitstream\\base_soc_wrapper.bit","downloadElf":[{"core":"microblaze_0","resetProcessor":true,"elfFile":"${workspaceFolder}\\app_component\\build\\app_component.elf","stopAtEntry":false,"isSelfRelocatingApp":false,"relativeAddress":""}]},"internalConsoleOptions":"openOnSessionStart","__configUri":"file:///c%3A/Users/am442/Downloads/Working/app_component/_ide/launch.json"} 
2025-11-21 15:25:15 [info] : [Debug Manager] Disabling breakpoints in the tool to enable run mode for 'app_component_app_hw_1 [app_component]'. 
2025-11-21 15:25:15 [info] : [Debug Manager] Launch session has started on the configuration 'app_component_app_hw_1 [app_component]' 
2025-11-21 15:26:10 [info] : [Debug Manager] Launch session has terminated on the configuration 'app_component_app_hw_1 [app_component]' 
2025-11-21 15:26:10 [info] : [Debug Manager] Enabling breakpoints after running the application using 'app_component_app_hw_1 [app_component]'. 
2025-11-21 15:27:42 [info] : [Program Flash Server] command program_flash -f C:\Users\am442\Downloads\Working\app_component\flash\app_component.elf.srec -offset 0x00C00000 -flash_type s25fl128sxxxxxx0-spi-x1_x2_x4 -verify -url TCP:127.0.0.1:3121 
2025-11-21 15:32:42 [info] : [Platform Server] Generate platform output stream finished - platform. 
2025-11-21 15:32:45 [info] : [Build Server] Build output stream finished - app_component::. 
2025-11-21 15:33:40 [info] : [Debug Manager] Successfully verified the target connection used  Local 
2025-11-21 15:33:40 [info] : [Debug Manager] Starting launch in 'run' mode using configuration: {"type":"tcf-debug","request":"launch","name":"app_component_app_hw_1","debugType":"baremetal-fpga","attachToRunningTargetOptions":{"targetSetupMode":"standalone","executeScript":true,"scriptPath":""},"autoAttachProcessChildren":false,"target":{"targetConnectionId":"Local","peersIniPath":"../../_ide/.peers.ini","context":"fpga"},"pathMap":[],"targetSetup":{"resetSystem":true,"programDevice":true,"partialBitstream":false,"skipRevisionCheck":false,"device":{"plDevice":"Auto Detect","psDevice":"Auto Detect"},"bitstreamFile":"${workspaceFolder}\\app_component\\_ide\\bitstream\\base_soc_wrapper.bit","downloadElf":[{"core":"microblaze_0","resetProcessor":true,"elfFile":"${workspaceFolder}\\app_component\\build\\app_component.elf","stopAtEntry":false,"isSelfRelocatingApp":false,"relativeAddress":""}]},"internalConsoleOptions":"openOnSessionStart","__configUri":"file:///c%3A/Users/am442/Downloads/Working/app_component/_ide/launch.json"} 
2025-11-21 15:33:41 [info] : [Debug Manager] Disabling breakpoints in the tool to enable run mode for 'app_component_app_hw_1 [app_component]'. 
2025-11-21 15:33:41 [info] : [Debug Manager] Launch session has started on the configuration 'app_component_app_hw_1 [app_component]' 
2025-11-21 15:34:18 [info] : [Platform Server] Generate platform output stream finished - platform. 
2025-11-21 15:34:21 [info] : [Build Server] Build output stream finished - app_component::. 
2025-11-21 15:34:25 [info] : [Debug Manager] Launch session has terminated on the configuration 'app_component_app_hw_1 [app_component]' 
2025-11-21 15:34:25 [info] : [Debug Manager] Enabling breakpoints after running the application using 'app_component_app_hw_1 [app_component]'. 
2025-11-21 15:34:38 [info] : [Debug Manager] Successfully verified the target connection used  Local 
2025-11-21 15:34:38 [info] : [Debug Manager] Starting launch in 'run' mode using configuration: {"type":"tcf-debug","request":"launch","name":"app_component_app_hw_1","debugType":"baremetal-fpga","attachToRunningTargetOptions":{"targetSetupMode":"standalone","executeScript":true,"scriptPath":""},"autoAttachProcessChildren":false,"target":{"targetConnectionId":"Local","peersIniPath":"../../_ide/.peers.ini","context":"fpga"},"pathMap":[],"targetSetup":{"resetSystem":true,"programDevice":true,"partialBitstream":false,"skipRevisionCheck":false,"device":{"plDevice":"Auto Detect","psDevice":"Auto Detect"},"bitstreamFile":"${workspaceFolder}\\app_component\\_ide\\bitstream\\base_soc_wrapper.bit","downloadElf":[{"core":"microblaze_0","resetProcessor":true,"elfFile":"${workspaceFolder}\\app_component\\build\\app_component.elf","stopAtEntry":false,"isSelfRelocatingApp":false,"relativeAddress":""}]},"internalConsoleOptions":"openOnSessionStart","__configUri":"file:///c%3A/Users/am442/Downloads/Working/app_component/_ide/launch.json"} 
2025-11-21 15:34:38 [info] : [Debug Manager] Disabling breakpoints in the tool to enable run mode for 'app_component_app_hw_1 [app_component]'. 
2025-11-21 15:34:39 [info] : [Debug Manager] Launch session has started on the configuration 'app_component_app_hw_1 [app_component]' 
2025-11-21 15:35:40 [info] : [Platform Server] Generate platform output stream finished - platform. 
2025-11-21 15:35:43 [info] : [Build Server] Build output stream finished - app_component::. 
2025-11-21 15:35:52 [info] : [Debug Manager] Successfully verified the target connection used  Local 
2025-11-21 15:35:52 [info] : [Debug Manager] Starting launch in 'run' mode using configuration: {"type":"tcf-debug","request":"launch","name":"app_component_app_hw_1","debugType":"baremetal-fpga","attachToRunningTargetOptions":{"targetSetupMode":"standalone","executeScript":true,"scriptPath":""},"autoAttachProcessChildren":false,"target":{"targetConnectionId":"Local","peersIniPath":"../../_ide/.peers.ini","context":"fpga"},"pathMap":[],"targetSetup":{"resetSystem":true,"programDevice":true,"partialBitstream":false,"skipRevisionCheck":false,"device":{"plDevice":"Auto Detect","psDevice":"Auto Detect"},"bitstreamFile":"${workspaceFolder}\\app_component\\_ide\\bitstream\\base_soc_wrapper.bit","downloadElf":[{"core":"microblaze_0","resetProcessor":true,"elfFile":"${workspaceFolder}\\app_component\\build\\app_component.elf","stopAtEntry":false,"isSelfRelocatingApp":false,"relativeAddress":""}]},"internalConsoleOptions":"openOnSessionStart","__configUri":"file:///c%3A/Users/am442/Downloads/Working/app_component/_ide/launch.json"} 
2025-11-21 15:36:08 [info] : [Debug Manager] Launch session has terminated on the configuration 'app_component_app_hw_1 [app_component]' 
2025-11-21 15:36:08 [info] : [Debug Manager] Enabling breakpoints after running the application using 'app_component_app_hw_1 [app_component]'. 
2025-11-21 15:36:20 [info] : [Platform Server] Generate platform output stream finished - platform. 
2025-11-21 15:36:24 [info] : [Build Server] Build output stream finished - app_component::. 
2025-11-21 15:37:16 [info] : [Debug Manager] Successfully verified the target connection used  Local 
2025-11-21 15:37:16 [info] : [Debug Manager] Starting launch in 'run' mode using configuration: {"type":"tcf-debug","request":"launch","name":"app_component_app_hw_1","debugType":"baremetal-fpga","attachToRunningTargetOptions":{"targetSetupMode":"standalone","executeScript":true,"scriptPath":""},"autoAttachProcessChildren":false,"target":{"targetConnectionId":"Local","peersIniPath":"../../_ide/.peers.ini","context":"fpga"},"pathMap":[],"targetSetup":{"resetSystem":true,"programDevice":true,"partialBitstream":false,"skipRevisionCheck":false,"device":{"plDevice":"Auto Detect","psDevice":"Auto Detect"},"bitstreamFile":"${workspaceFolder}\\app_component\\_ide\\bitstream\\base_soc_wrapper.bit","downloadElf":[{"core":"microblaze_0","resetProcessor":true,"elfFile":"${workspaceFolder}\\app_component\\build\\app_component.elf","stopAtEntry":false,"isSelfRelocatingApp":false,"relativeAddress":""}]},"internalConsoleOptions":"openOnSessionStart","__configUri":"file:///c%3A/Users/am442/Downloads/Working/app_component/_ide/launch.json"} 
2025-11-21 15:37:16 [info] : [Debug Manager] Disabling breakpoints in the tool to enable run mode for 'app_component_app_hw_1 [app_component]'. 
2025-11-21 15:37:17 [info] : [Debug Manager] Launch session has started on the configuration 'app_component_app_hw_1 [app_component]' 
2025-11-21 15:39:04 [info] : [Platform Server] Generate platform output stream finished - platform. 
2025-11-21 15:39:08 [info] : [Build Server] Build output stream finished - app_component::. 
2025-11-21 15:39:30 [info] : [Debug Manager] Launch session has terminated on the configuration 'app_component_app_hw_1 [app_component]' 
2025-11-21 15:39:30 [info] : [Debug Manager] Enabling breakpoints after running the application using 'app_component_app_hw_1 [app_component]'. 
2025-11-21 15:39:55 [info] : [Debug Manager] Successfully verified the target connection used  Local 
2025-11-21 15:39:55 [info] : [Debug Manager] Starting launch in 'run' mode using configuration: {"type":"tcf-debug","request":"launch","name":"app_component_app_hw_1","debugType":"baremetal-fpga","attachToRunningTargetOptions":{"targetSetupMode":"standalone","executeScript":true,"scriptPath":""},"autoAttachProcessChildren":false,"target":{"targetConnectionId":"Local","peersIniPath":"../../_ide/.peers.ini","context":"fpga"},"pathMap":[],"targetSetup":{"resetSystem":true,"programDevice":true,"partialBitstream":false,"skipRevisionCheck":false,"device":{"plDevice":"Auto Detect","psDevice":"Auto Detect"},"bitstreamFile":"${workspaceFolder}\\app_component\\_ide\\bitstream\\base_soc_wrapper.bit","downloadElf":[{"core":"microblaze_0","resetProcessor":true,"elfFile":"${workspaceFolder}\\app_component\\build\\app_component.elf","stopAtEntry":false,"isSelfRelocatingApp":false,"relativeAddress":""}]},"internalConsoleOptions":"openOnSessionStart","__configUri":"file:///c%3A/Users/am442/Downloads/Working/app_component/_ide/launch.json"} 
2025-11-21 15:39:55 [info] : [Debug Manager] Disabling breakpoints in the tool to enable run mode for 'app_component_app_hw_1 [app_component]'. 
2025-11-21 15:39:55 [info] : [Debug Manager] Launch session has started on the configuration 'app_component_app_hw_1 [app_component]' 
2025-11-21 15:40:52 [info] : [Platform Server] Generate platform output stream finished - platform. 
2025-11-21 15:40:55 [info] : [Build Server] Build output stream finished - app_component::. 
2025-11-21 15:41:06 [info] : [Debug Manager] Successfully verified the target connection used  Local 
2025-11-21 15:41:06 [info] : [Debug Manager] Starting launch in 'run' mode using configuration: {"type":"tcf-debug","request":"launch","name":"app_component_app_hw_1","debugType":"baremetal-fpga","attachToRunningTargetOptions":{"targetSetupMode":"standalone","executeScript":true,"scriptPath":""},"autoAttachProcessChildren":false,"target":{"targetConnectionId":"Local","peersIniPath":"../../_ide/.peers.ini","context":"fpga"},"pathMap":[],"targetSetup":{"resetSystem":true,"programDevice":true,"partialBitstream":false,"skipRevisionCheck":false,"device":{"plDevice":"Auto Detect","psDevice":"Auto Detect"},"bitstreamFile":"${workspaceFolder}\\app_component\\_ide\\bitstream\\base_soc_wrapper.bit","downloadElf":[{"core":"microblaze_0","resetProcessor":true,"elfFile":"${workspaceFolder}\\app_component\\build\\app_component.elf","stopAtEntry":false,"isSelfRelocatingApp":false,"relativeAddress":""}]},"internalConsoleOptions":"openOnSessionStart","__configUri":"file:///c%3A/Users/am442/Downloads/Working/app_component/_ide/launch.json"} 
2025-11-21 15:43:03 [info] : [Program Flash Server] command program_flash -f C:\Users\am442\Downloads\Working\app_component\flash\app_component.elf.srec -offset 0x00C00000 -flash_type s25fl128sxxxxxx0-spi-x1_x2_x4 -verify -url TCP:127.0.0.1:3121 
2025-11-21 15:43:09 [info] : [Debug Manager] Launch session has terminated on the configuration 'app_component_app_hw_1 [app_component]' 
2025-11-21 15:43:09 [info] : [Debug Manager] Enabling breakpoints after running the application using 'app_component_app_hw_1 [app_component]'. 
2025-11-21 15:50:01 [info] : [Platform Server] Generate platform output stream finished - platform. 
2025-11-21 15:50:05 [info] : [Build Server] Build output stream finished - app_component::. 
2025-11-21 15:50:45 [info] : [Program Flash Server] command program_flash -f C:\Users\am442\Downloads\Working\app_component\flash\app_component.elf.srec -offset 0 -flash_type s29gl128s-bpi-x16 -verify -url TCP:127.0.0.1:3121 
2025-11-21 15:51:38 [info] : [Platform Server] Generate platform output stream finished - platform. 
2025-11-21 15:51:41 [info] : [Build Server] Build output stream finished - app_component::. 
2025-11-21 15:52:10 [info] : [Platform Server] Generate platform output stream finished - platform. 
2025-11-21 15:52:14 [info] : [Build Server] Build output stream finished - app_component::. 
2025-11-21 15:54:01 [info] : [Program Flash Server] command program_flash -f C:\Users\am442\Downloads\Working\app_component\flash\app_component.elf.srec -offset 0x00C00000 -flash_type s25fl128sxxxxxx0-spi-x1_x2_x4 -verify -url TCP:127.0.0.1:3121 
2025-11-21 15:55:27 [info] : [Platform Server] Generate platform output stream finished - platform. 
2025-11-21 15:55:30 [info] : [Build Server] Build output stream finished - app_component::. 
2025-11-21 15:55:56 [info] : [Debug Manager] Successfully verified the target connection used  Local 
2025-11-21 15:55:56 [info] : [Debug Manager] Starting launch in 'run' mode using configuration: {"type":"tcf-debug","request":"launch","name":"app_component_app_hw_1","debugType":"baremetal-fpga","attachToRunningTargetOptions":{"targetSetupMode":"standalone","executeScript":true,"scriptPath":""},"autoAttachProcessChildren":false,"target":{"targetConnectionId":"Local","peersIniPath":"../../_ide/.peers.ini","context":"fpga"},"pathMap":[],"targetSetup":{"resetSystem":true,"programDevice":true,"partialBitstream":false,"skipRevisionCheck":false,"device":{"plDevice":"Auto Detect","psDevice":"Auto Detect"},"bitstreamFile":"${workspaceFolder}\\app_component\\_ide\\bitstream\\base_soc_wrapper.bit","downloadElf":[{"core":"microblaze_0","resetProcessor":true,"elfFile":"${workspaceFolder}\\app_component\\build\\app_component.elf","stopAtEntry":false,"isSelfRelocatingApp":false,"relativeAddress":""}]},"internalConsoleOptions":"openOnSessionStart","__configUri":"file:///c%3A/Users/am442/Downloads/Working/app_component/_ide/launch.json"} 
2025-11-21 15:55:56 [info] : [Debug Manager] Disabling breakpoints in the tool to enable run mode for 'app_component_app_hw_1 [app_component]'. 
2025-11-21 15:55:56 [info] : [Debug Manager] Launch session has started on the configuration 'app_component_app_hw_1 [app_component]' 
2025-11-21 15:58:14 [info] : [Program Flash Server] command program_flash -f C:\Users\am442\Downloads\Working\app_component\flash\app_component.elf.srec -offset 0x00C00000 -flash_type s25fl128sxxxxxx0-spi-x1_x2_x4 -verify -url TCP:127.0.0.1:3121 
2025-11-21 15:58:19 [info] : [Debug Manager] Launch session has terminated on the configuration 'app_component_app_hw_1 [app_component]' 
2025-11-21 15:58:19 [info] : [Debug Manager] Enabling breakpoints after running the application using 'app_component_app_hw_1 [app_component]'. 
2025-11-21 16:01:19 [info] : [Build Server] Clean output stream finished - app_component::. 
2025-11-21 16:01:27 [info] : [Platform Server] Generate platform output stream finished - platform. 
2025-11-21 16:01:30 [info] : [Build Server] Build output stream finished - app_component::. 
2025-11-21 16:02:37 [info] : [Program Flash Server] command program_flash -f C:\Users\am442\Downloads\Working\app_component\flash\app_component.elf.srec -offset 0x00C00000 -flash_type s25fl128sxxxxxx0-spi-x1_x2_x4 -blank_check -verify -url TCP:127.0.0.1:3121 
2025-11-21 16:10:34 [info] : [Elf Reader Server] mb-objdump -C -x -S C:\Users\am442\Downloads\Working\app_component\build\app_component.elf 
2025-11-21 16:11:07 [info] : [Platform Server] Generate platform output stream finished - platform. 
2025-11-21 16:11:11 [info] : [Build Server] Build output stream finished - app_component::. 
2025-11-21 16:11:22 [info] : [Elf Reader Server] mb-objdump -C -x -S C:\Users\am442\Downloads\Working\app_component\build\app_component.elf 
2025-11-21 16:13:16 [info] : [Program Flash Server] command program_flash -f C:\Users\am442\Downloads\Working\app_component\flash\app_component.elf.srec -offset 0x00C00000 -flash_type s25fl128sxxxxxx0-spi-x1_x2_x4 -verify -url TCP:127.0.0.1:3121 
2025-11-21 16:25:10 [info] : [Platform Server] Generate platform output stream finished - platform. 
2025-11-21 16:25:17 [info] : [Build Server] Build output stream finished - srec_spi_bootloader::. 
2025-11-21 16:27:59 [info] : [Program Flash Server] command program_flash -f C:\Users\am442\Downloads\Working\srec_spi_bootloader\_ide\bitstream\download.bit -offset 0x0 -flash_type s25fl128sxxxxxx0-spi-x1_x2_x4 -url TCP:127.0.0.1:3121 
2025-11-21 16:44:12 [info] : [Platform Server] Generate platform output stream finished - platform. 
2025-11-21 16:44:16 [info] : [Build Server] Build output stream finished - app_component::. 
2025-11-21 16:44:40 [info] : [Debug Manager] Successfully verified the target connection used  Local 
2025-11-21 16:44:40 [info] : [Debug Manager] Starting launch in 'run' mode using configuration: {"type":"tcf-debug","request":"launch","name":"app_component_app_hw_1","debugType":"baremetal-fpga","attachToRunningTargetOptions":{"targetSetupMode":"standalone","executeScript":true,"scriptPath":""},"autoAttachProcessChildren":false,"target":{"targetConnectionId":"Local","peersIniPath":"../../_ide/.peers.ini","context":"fpga"},"pathMap":[],"targetSetup":{"resetSystem":true,"programDevice":true,"partialBitstream":false,"skipRevisionCheck":false,"device":{"plDevice":"Auto Detect","psDevice":"Auto Detect"},"bitstreamFile":"${workspaceFolder}\\app_component\\_ide\\bitstream\\base_soc_wrapper.bit","downloadElf":[{"core":"microblaze_0","resetProcessor":true,"elfFile":"${workspaceFolder}\\app_component\\build\\app_component.elf","stopAtEntry":false,"isSelfRelocatingApp":false,"relativeAddress":""}]},"internalConsoleOptions":"openOnSessionStart","__configUri":"file:///c%3A/Users/am442/Downloads/Working/app_component/_ide/launch.json"} 
2025-11-21 16:44:41 [info] : [Debug Manager] Disabling breakpoints in the tool to enable run mode for 'app_component_app_hw_1 [app_component]'. 
2025-11-21 16:44:41 [info] : [Debug Manager] Launch session has started on the configuration 'app_component_app_hw_1 [app_component]' 
2025-11-21 16:45:17 [info] : [Debug Manager] Launch session has terminated on the configuration 'app_component_app_hw_1 [app_component]' 
2025-11-21 16:45:17 [info] : [Debug Manager] Enabling breakpoints after running the application using 'app_component_app_hw_1 [app_component]'. 
2025-11-21 16:45:18 [info] : [Platform Server] Generate platform output stream finished - platform. 
2025-11-21 16:45:21 [info] : [Build Server] Build output stream finished - app_component::. 
2025-11-21 16:45:31 [info] : [Debug Manager] Successfully verified the target connection used  Local 
2025-11-21 16:45:31 [info] : [Debug Manager] Starting launch in 'run' mode using configuration: {"type":"tcf-debug","request":"launch","name":"app_component_app_hw_1","debugType":"baremetal-fpga","attachToRunningTargetOptions":{"targetSetupMode":"standalone","executeScript":true,"scriptPath":""},"autoAttachProcessChildren":false,"target":{"targetConnectionId":"Local","peersIniPath":"../../_ide/.peers.ini","context":"fpga"},"pathMap":[],"targetSetup":{"resetSystem":true,"programDevice":true,"partialBitstream":false,"skipRevisionCheck":false,"device":{"plDevice":"Auto Detect","psDevice":"Auto Detect"},"bitstreamFile":"${workspaceFolder}\\app_component\\_ide\\bitstream\\base_soc_wrapper.bit","downloadElf":[{"core":"microblaze_0","resetProcessor":true,"elfFile":"${workspaceFolder}\\app_component\\build\\app_component.elf","stopAtEntry":false,"isSelfRelocatingApp":false,"relativeAddress":""}]},"internalConsoleOptions":"openOnSessionStart","__configUri":"file:///c%3A/Users/am442/Downloads/Working/app_component/_ide/launch.json"} 
2025-11-21 16:45:31 [info] : [Debug Manager] Disabling breakpoints in the tool to enable run mode for 'app_component_app_hw_1 [app_component]'. 
2025-11-21 16:45:31 [info] : [Debug Manager] Launch session has started on the configuration 'app_component_app_hw_1 [app_component]' 
2025-11-21 16:46:48 [info] : [Platform Server] Generate platform output stream finished - platform. 
2025-11-21 16:46:51 [info] : [Build Server] Build output stream finished - app_component::. 
2025-11-21 16:46:58 [info] : [Debug Manager] Launch session has terminated on the configuration 'app_component_app_hw_1 [app_component]' 
2025-11-21 16:46:58 [info] : [Debug Manager] Enabling breakpoints after running the application using 'app_component_app_hw_1 [app_component]'. 
2025-11-21 16:47:08 [info] : [Debug Manager] Successfully verified the target connection used  Local 
2025-11-21 16:47:08 [info] : [Debug Manager] Starting launch in 'run' mode using configuration: {"type":"tcf-debug","request":"launch","name":"app_component_app_hw_1","debugType":"baremetal-fpga","attachToRunningTargetOptions":{"targetSetupMode":"standalone","executeScript":true,"scriptPath":""},"autoAttachProcessChildren":false,"target":{"targetConnectionId":"Local","peersIniPath":"../../_ide/.peers.ini","context":"fpga"},"pathMap":[],"targetSetup":{"resetSystem":true,"programDevice":true,"partialBitstream":false,"skipRevisionCheck":false,"device":{"plDevice":"Auto Detect","psDevice":"Auto Detect"},"bitstreamFile":"${workspaceFolder}\\app_component\\_ide\\bitstream\\base_soc_wrapper.bit","downloadElf":[{"core":"microblaze_0","resetProcessor":true,"elfFile":"${workspaceFolder}\\app_component\\build\\app_component.elf","stopAtEntry":false,"isSelfRelocatingApp":false,"relativeAddress":""}]},"internalConsoleOptions":"openOnSessionStart","__configUri":"file:///c%3A/Users/am442/Downloads/Working/app_component/_ide/launch.json"} 
2025-11-21 16:47:08 [info] : [Debug Manager] Disabling breakpoints in the tool to enable run mode for 'app_component_app_hw_1 [app_component]'. 
2025-11-21 16:47:08 [info] : [Debug Manager] Launch session has started on the configuration 'app_component_app_hw_1 [app_component]' 
2025-11-21 16:47:44 [info] : [Debug Manager] Launch session has terminated on the configuration 'app_component_app_hw_1 [app_component]' 
2025-11-21 16:47:44 [info] : [Debug Manager] Enabling breakpoints after running the application using 'app_component_app_hw_1 [app_component]'. 
2025-11-21 16:48:06 [info] : [Debug Manager] Successfully verified the target connection used  Local 
2025-11-21 16:48:06 [info] : [Debug Manager] Starting launch in 'run' mode using configuration: {"type":"tcf-debug","request":"launch","name":"app_component_app_hw_1","debugType":"baremetal-fpga","attachToRunningTargetOptions":{"targetSetupMode":"standalone","executeScript":true,"scriptPath":""},"autoAttachProcessChildren":false,"target":{"targetConnectionId":"Local","peersIniPath":"../../_ide/.peers.ini","context":"fpga"},"pathMap":[],"targetSetup":{"resetSystem":true,"programDevice":true,"partialBitstream":false,"skipRevisionCheck":false,"device":{"plDevice":"Auto Detect","psDevice":"Auto Detect"},"bitstreamFile":"${workspaceFolder}\\app_component\\_ide\\bitstream\\base_soc_wrapper.bit","downloadElf":[{"core":"microblaze_0","resetProcessor":true,"elfFile":"${workspaceFolder}\\app_component\\build\\app_component.elf","stopAtEntry":false,"isSelfRelocatingApp":false,"relativeAddress":""}]},"internalConsoleOptions":"openOnSessionStart","__configUri":"file:///c%3A/Users/am442/Downloads/Working/app_component/_ide/launch.json"} 
2025-11-21 16:48:06 [info] : [Debug Manager] Disabling breakpoints in the tool to enable run mode for 'app_component_app_hw_1 [app_component]'. 
2025-11-21 16:48:07 [info] : [Debug Manager] Launch session has started on the configuration 'app_component_app_hw_1 [app_component]' 
2025-11-21 16:50:31 [info] : [Program Flash Server] command program_flash -f C:\Users\am442\Downloads\Working\app_component\flash\app_component.elf.srec -offset 0x00C00000 -flash_type s25fl128sxxxxxx0-spi-x1_x2_x4 -url TCP:127.0.0.1:3121 
2025-11-21 16:50:36 [info] : [Debug Manager] Launch session has terminated on the configuration 'app_component_app_hw_1 [app_component]' 
2025-11-21 16:50:36 [info] : [Debug Manager] Enabling breakpoints after running the application using 'app_component_app_hw_1 [app_component]'. 
2025-11-21 16:53:13 [info] : [Program Flash Server] command program_flash -f C:\Users\am442\Downloads\Working\srec_spi_bootloader\_ide\bitstream\download.bit -offset 0x0 -flash_type s25fl128sxxxxxx0-spi-x1_x2_x4 -url TCP:127.0.0.1:3121 
2025-11-21 16:59:00 [info] : [Platform Server] Generate platform output stream finished - platform. 
2025-11-21 16:59:03 [info] : [Build Server] Build output stream finished - app_component::. 
2025-11-21 16:59:57 [info] : [Program Flash Server] command program_flash -f C:\Users\am442\Downloads\Working\app_component\flash\app_component.elf.srec -offset 0x00C00000 -flash_type s25fl128sxxxxxx0-spi-x1_x2_x4 -url TCP:127.0.0.1:3121 
2025-11-21 17:02:14 [info] : [Program Flash Server] command program_flash -f C:\Users\am442\Downloads\Working\srec_spi_bootloader\_ide\bitstream\download.bit -offset 0x0 -flash_type s25fl128sxxxxxx0-spi-x1_x2_x4 -url TCP:127.0.0.1:3121 
2025-11-21 17:13:07 [info] : [Platform Server] Generate platform output stream finished - platform. 
2025-11-21 17:13:10 [info] : [Build Server] Build output stream finished - app_component::. 
2025-11-21 17:13:53 [info] : [Program Flash Server] command program_flash -f C:\Users\am442\Downloads\Working\app_component\flash\app_component.elf.srec -offset 0x00C00000 -flash_type s25fl128sxxxxxx0-spi-x1_x2_x4 -verify -url TCP:127.0.0.1:3121 
2025-11-21 17:14:26 [info] : [Program Flash Server] command program_flash -f C:\Users\am442\Downloads\Working\app_component\flash\app_component.elf.srec -offset 0x00C00000 -flash_type s25fl128sxxxxxx0-spi-x1_x2_x4 -url TCP:127.0.0.1:3121 
2025-11-21 17:15:28 [info] : [Program Flash Server] command program_flash -f C:\Users\am442\Downloads\Working\srec_spi_bootloader\_ide\bitstream\download.bit -offset 0x0 -flash_type s25fl128sxxxxxx0-spi-x1_x2_x4 -url TCP:127.0.0.1:3121 
2025-11-21 17:31:55 [info] : [Platform Server] Generate platform output stream finished - platform. 
2025-11-21 17:31:59 [info] : [Build Server] Build output stream finished - app_component::. 
2025-11-21 17:32:57 [info] : [Program Flash Server] command program_flash -f C:\Users\am442\Downloads\Working\app_component\flash\app_component.elf.srec -offset 0x00C00000 -flash_type s25fl128sxxxxxx0-spi-x1_x2_x4 -verify -url TCP:127.0.0.1:3121 
2025-11-21 17:33:59 [info] : [Program Flash Server] command program_flash -f C:\Users\am442\Downloads\Working\srec_spi_bootloader\_ide\bitstream\download.bit -offset 0x0 -flash_type s25fl128sxxxxxx0-spi-x1_x2_x4 -url TCP:127.0.0.1:3121 
2025-11-21 17:52:33 [info] : [Platform Server] Generate platform output stream finished - platform. 
2025-11-21 17:52:37 [info] : [Build Server] Build output stream finished - app_component::. 
2025-11-21 17:53:25 [info] : [Program Flash Server] command program_flash -f C:\Users\am442\Downloads\Working\app_component\flash\app_component.elf.srec -offset 0x00C00000 -flash_type s25fl128sxxxxxx0-spi-x1_x2_x4 -verify -url TCP:127.0.0.1:3121 
2025-11-21 17:54:57 [info] : [Program Flash Server] command program_flash -f C:\Users\am442\Downloads\Working\srec_spi_bootloader\_ide\bitstream\download.bit -offset 0x0 -flash_type s25fl128sxxxxxx0-spi-x1_x2_x4 -url TCP:127.0.0.1:3121 
2025-11-21 18:01:37 [info] : [Platform Server] Generate platform output stream finished - platform. 
2025-11-21 18:01:40 [info] : [Build Server] Build output stream finished - app_component::. 
2025-11-21 18:01:53 [info] : [Debug Manager] Successfully verified the target connection used  Local 
2025-11-21 18:01:53 [info] : [Debug Manager] Starting launch in 'run' mode using configuration: {"type":"tcf-debug","request":"launch","name":"app_component_app_hw_1","debugType":"baremetal-fpga","attachToRunningTargetOptions":{"targetSetupMode":"standalone","executeScript":true,"scriptPath":""},"autoAttachProcessChildren":false,"target":{"targetConnectionId":"Local","peersIniPath":"../../_ide/.peers.ini","context":"fpga"},"pathMap":[],"targetSetup":{"resetSystem":true,"programDevice":true,"partialBitstream":false,"skipRevisionCheck":false,"device":{"plDevice":"Auto Detect","psDevice":"Auto Detect"},"bitstreamFile":"${workspaceFolder}\\app_component\\_ide\\bitstream\\base_soc_wrapper.bit","downloadElf":[{"core":"microblaze_0","resetProcessor":true,"elfFile":"${workspaceFolder}\\app_component\\build\\app_component.elf","stopAtEntry":false,"isSelfRelocatingApp":false,"relativeAddress":""}]},"internalConsoleOptions":"openOnSessionStart","__configUri":"file:///c%3A/Users/am442/Downloads/Working/app_component/_ide/launch.json"} 
2025-11-21 18:01:53 [info] : [Debug Manager] Disabling breakpoints in the tool to enable run mode for 'app_component_app_hw_1 [app_component]'. 
2025-11-21 18:01:54 [info] : [Debug Manager] Launch session has started on the configuration 'app_component_app_hw_1 [app_component]' 
2025-11-21 18:02:49 [info] : [Platform Server] Generate platform output stream finished - platform. 
2025-11-21 18:02:51 [info] : [Debug Manager] Launch session has terminated on the configuration 'app_component_app_hw_1 [app_component]' 
2025-11-21 18:02:51 [info] : [Debug Manager] Enabling breakpoints after running the application using 'app_component_app_hw_1 [app_component]'. 
2025-11-21 18:02:53 [info] : [Build Server] Build output stream finished - app_component::. 
2025-11-21 18:03:04 [info] : [Debug Manager] Successfully verified the target connection used  Local 
2025-11-21 18:03:04 [info] : [Debug Manager] Starting launch in 'run' mode using configuration: {"type":"tcf-debug","request":"launch","name":"app_component_app_hw_1","debugType":"baremetal-fpga","attachToRunningTargetOptions":{"targetSetupMode":"standalone","executeScript":true,"scriptPath":""},"autoAttachProcessChildren":false,"target":{"targetConnectionId":"Local","peersIniPath":"../../_ide/.peers.ini","context":"fpga"},"pathMap":[],"targetSetup":{"resetSystem":true,"programDevice":true,"partialBitstream":false,"skipRevisionCheck":false,"device":{"plDevice":"Auto Detect","psDevice":"Auto Detect"},"bitstreamFile":"${workspaceFolder}\\app_component\\_ide\\bitstream\\base_soc_wrapper.bit","downloadElf":[{"core":"microblaze_0","resetProcessor":true,"elfFile":"${workspaceFolder}\\app_component\\build\\app_component.elf","stopAtEntry":false,"isSelfRelocatingApp":false,"relativeAddress":""}]},"internalConsoleOptions":"openOnSessionStart","__configUri":"file:///c%3A/Users/am442/Downloads/Working/app_component/_ide/launch.json"} 
2025-11-21 18:03:04 [info] : [Debug Manager] Disabling breakpoints in the tool to enable run mode for 'app_component_app_hw_1 [app_component]'. 
2025-11-21 18:03:05 [info] : [Debug Manager] Launch session has started on the configuration 'app_component_app_hw_1 [app_component]' 
2025-11-21 18:03:39 [info] : [Program Flash Server] command program_flash -f C:\Users\am442\Downloads\Working\app_component\flash\app_component.elf.srec -offset 0x00C00000 -flash_type s25fl128sxxxxxx0-spi-x1_x2_x4 -url TCP:127.0.0.1:3121 
2025-11-21 18:03:44 [info] : [Debug Manager] Launch session has terminated on the configuration 'app_component_app_hw_1 [app_component]' 
2025-11-21 18:03:44 [info] : [Debug Manager] Enabling breakpoints after running the application using 'app_component_app_hw_1 [app_component]'. 
2025-11-21 18:04:54 [info] : [Program Flash Server] command program_flash -f C:\Users\am442\Downloads\Working\srec_spi_bootloader\_ide\bitstream\download.bit -offset 0x0 -flash_type s25fl128sxxxxxx0-spi-x1_x2_x4 -url TCP:127.0.0.1:3121 
2025-11-21 18:15:21 [info] : [Platform Server] Generate platform output stream finished - platform. 
2025-11-21 18:15:25 [info] : [Build Server] Build output stream finished - app_component::. 
2025-11-21 18:16:46 [info] : [Program Flash Server] command program_flash -f C:\Users\am442\Downloads\Working\app_component\flash\app_component.elf.srec -offset 0x00C00000 -flash_type s25fl128sxxxxxx0-spi-x1_x2_x4 -url TCP:127.0.0.1:3121 
2025-11-21 18:17:50 [info] : [Program Flash Server] command program_flash -f C:\Users\am442\Downloads\Working\srec_spi_bootloader\_ide\bitstream\download.bit -offset 0x0 -flash_type s25fl128sxxxxxx0-spi-x1_x2_x4 -url TCP:127.0.0.1:3121 
2025-11-24 09:01:57 [info] : [Platform Server] Generate platform output stream finished - platform. 
2025-11-24 09:02:01 [info] : [Build Server] Build output stream finished - app_component::. 
2025-11-24 09:03:31 [info] : [Platform Server] Generate platform output stream finished - platform. 
2025-11-24 09:03:35 [info] : [Build Server] Build output stream finished - app_component::. 
2025-11-24 09:05:09 [info] : [Program Flash Server] command program_flash -f C:\Users\am442\Downloads\Working\app_component\flash\app_component.elf.srec -offset 0x00C00000 -flash_type s25fl128sxxxxxx0-spi-x1_x2_x4 -verify -url TCP:127.0.0.1:3121 
2025-11-24 09:06:30 [info] : [Program Flash Server] command program_flash -f C:\Users\am442\Downloads\Working\srec_spi_bootloader\_ide\bitstream\download.bit -offset 0x0 -flash_type s25fl128sxxxxxx0-spi-x1_x2_x4 -url TCP:127.0.0.1:3121 
2025-11-24 09:44:10 [info] : [Platform Server] Generate platform output stream finished - platform. 
2025-11-24 09:44:15 [info] : [Build Server] Build output stream finished - app_component::. 
2025-11-24 09:45:18 [info] : [Program Flash Server] command program_flash -f C:\Users\am442\Downloads\Working\app_component\flash\app_component.elf.srec -offset 0x00C00000 -flash_type s25fl128sxxxxxx0-spi-x1_x2_x4 -url TCP:127.0.0.1:3121 
2025-11-24 09:45:45 [info] : [Platform Server] Generate platform output stream finished - platform. 
2025-11-24 09:45:49 [info] : [Build Server] Build output stream finished - app_component::. 
2025-11-24 09:46:10 [info] : [Program Flash Server] command program_flash -f C:\Users\am442\Downloads\Working\app_component\flash\app_component.elf.srec -offset 0x00C00000 -flash_type s25fl128sxxxxxx0-spi-x1_x2_x4 -url TCP:127.0.0.1:3121 
2025-11-24 09:48:12 [info] : [Program Flash Server] command program_flash -f C:\Users\am442\Downloads\Working\srec_spi_bootloader\_ide\bitstream\download.bit -offset 0x0 -flash_type s25fl128sxxxxxx0-spi-x1_x2_x4 -url TCP:127.0.0.1:3121 
2025-11-24 09:52:15 [info] : [Platform Server] Generate platform output stream finished - platform. 
2025-11-24 09:52:19 [info] : [Build Server] Build output stream finished - app_component::. 
2025-11-24 09:53:10 [info] : [Program Flash Server] command program_flash -f C:\Users\am442\Downloads\Working\app_component\flash\app_component.elf.srec -offset 0x00C00000 -flash_type s25fl128sxxxxxx0-spi-x1_x2_x4 -url TCP:127.0.0.1:3121 
2025-11-24 09:55:10 [info] : [Program Flash Server] command program_flash -f C:\Users\am442\Downloads\Working\app_component\flash\app_component.elf.srec -offset 0x00C00000 -flash_type s25fl128sxxxxxx0-spi-x1_x2_x4 -verify -url TCP:127.0.0.1:3121 
2025-11-24 09:56:27 [info] : [Program Flash Server] command program_flash -f C:\Users\am442\Downloads\Working\srec_spi_bootloader\_ide\bitstream\download.bit -offset 0x0 -flash_type s25fl128sxxxxxx0-spi-x1_x2_x4 -url TCP:127.0.0.1:3121 
